2023/04/20 12:23:55 Method = GET
2023/04/20 12:23:55 URI = https://us-west2-api.compute.cloud.hpe.com/compute-ops/v1beta2/servers/P38471-B21+J208PP003O/raw-inventory
2023/04/20 12:23:55 Headers = [Authorization, Bearer eyJhbGciOiJSUzI1NiIsImtpZCI6IlRFak8tZEJPbThxUDlqRUlxdVE5aXVKX09HTSIsInBpLmF0bSI6ImRlejAifQ.eyJjbGllbnRfaWQiOiIxZTkwNThlZS1jYjhiLTQ4M2UtOTA0Zi0yZWRiNzg1MjJkZjEiLCJpc3MiOiJodHRwczovL3Nzby5jb21tb24uY2xvdWQuaHBlLmNvbSIsImF1ZCI6ImV4dGVybmFsX2FwaSIsInN1YiI6ImVyaWMuc2NodWx0ZUBocGUuY29tIiwidXNlcl9jdHgiOiJiYjQ5YTI0ZTQzOTIxMWVjYmY2YmRhNmI0MzMwODg5ZCIsImF1dGhfc291cmNlIjoiY2NzX3Rva2VuX21hbmFnZW1lbnQiLCJwbGF0Zm9ybV9jdXN0b21lcl9pZCI6IjM0NjUyZmYwMzE3NzExZWM5YmMwOTY4NzI1ODBmZDZkIiwiaWF0IjoxNjgyMDA3NDEwLCJhcHBsaWNhdGlvbl9pbnN0YW5jZV9pZCI6IjVjZjE2ZWZmLWQ1YzUtNDJkNi1iNzkxLTFkNjk0ZTlhNDAwZiIsImV4cCI6MTY4MjAxNDYxMH0.E4Phn1Nz4aDRkiZaNqnMFZTg0UIdeXQKcN2YgsrAqPC-N0Oeo7ZPCm7ittW79BzjlVX-SO9LHfrrCxVkvGjC9PRQ5EQOD0baM1zXAQutuSfYzRkc5RmPytAQeiOzT-gFTVT5MXMBrUbk1J4Tl1etTyRWcl98_tdfO1WC0tWuGAxeFOJGXqy2eyJC8ke6IjlzA1Lt3JNfA6k2bEtHzsfft1NqwnKWbg-SafVoBAMGuNJLgZiPokP1O6obyyitEQi4S7sDf7OUuAps9bHgoWZlS0Tz-cozUxjM4s9z33Dk25EuL44u_qLwXF4fmbsXzrdDPni1A8j_ZeOMx4w_ZiP8Yg]
2023/04/20 12:23:55 Request Body = 
2023/04/20 12:23:55 at getExtraData, C:\Users\schultee\OneDrive - Hewlett Packard Enterprise\GitRepositories\hpecom-powershell\resources\servers.ps1: line 48
2023/04/20 12:25:07 Method = GET
2023/04/20 12:25:07 URI = https://us-west2-api.compute.cloud.hpe.com/compute-ops/v1beta2/schedules
2023/04/20 12:25:07 Headers = [Authorization, Bearer eyJhbGciOiJSUzI1NiIsImtpZCI6IlRFak8tZEJPbThxUDlqRUlxdVE5aXVKX09HTSIsInBpLmF0bSI6ImRlejAifQ.eyJjbGllbnRfaWQiOiIxZTkwNThlZS1jYjhiLTQ4M2UtOTA0Zi0yZWRiNzg1MjJkZjEiLCJpc3MiOiJodHRwczovL3Nzby5jb21tb24uY2xvdWQuaHBlLmNvbSIsImF1ZCI6ImV4dGVybmFsX2FwaSIsInN1YiI6ImVyaWMuc2NodWx0ZUBocGUuY29tIiwidXNlcl9jdHgiOiJiYjQ5YTI0ZTQzOTIxMWVjYmY2YmRhNmI0MzMwODg5ZCIsImF1dGhfc291cmNlIjoiY2NzX3Rva2VuX21hbmFnZW1lbnQiLCJwbGF0Zm9ybV9jdXN0b21lcl9pZCI6IjM0NjUyZmYwMzE3NzExZWM5YmMwOTY4NzI1ODBmZDZkIiwiaWF0IjoxNjgyMDA3NDEwLCJhcHBsaWNhdGlvbl9pbnN0YW5jZV9pZCI6IjVjZjE2ZWZmLWQ1YzUtNDJkNi1iNzkxLTFkNjk0ZTlhNDAwZiIsImV4cCI6MTY4MjAxNDYxMH0.E4Phn1Nz4aDRkiZaNqnMFZTg0UIdeXQKcN2YgsrAqPC-N0Oeo7ZPCm7ittW79BzjlVX-SO9LHfrrCxVkvGjC9PRQ5EQOD0baM1zXAQutuSfYzRkc5RmPytAQeiOzT-gFTVT5MXMBrUbk1J4Tl1etTyRWcl98_tdfO1WC0tWuGAxeFOJGXqy2eyJC8ke6IjlzA1Lt3JNfA6k2bEtHzsfft1NqwnKWbg-SafVoBAMGuNJLgZiPokP1O6obyyitEQi4S7sDf7OUuAps9bHgoWZlS0Tz-cozUxjM4s9z33Dk25EuL44u_qLwXF4fmbsXzrdDPni1A8j_ZeOMx4w_ZiP8Yg]
2023/04/20 12:25:07 Request Body = 
2023/04/20 12:25:07 at Get, C:\Users\schultee\OneDrive - Hewlett Packard Enterprise\GitRepositories\hpecom-powershell\resources\resource.ps1: line 50
2023/04/20 12:29:20 Method = GET
2023/04/20 12:29:20 URI = https://us-west2-api.compute.cloud.hpe.com/compute-ops/v1beta2/schedules
2023/04/20 12:29:20 Headers = [Authorization, Bearer eyJhbGciOiJSUzI1NiIsImtpZCI6IlRFak8tZEJPbThxUDlqRUlxdVE5aXVKX09HTSIsInBpLmF0bSI6ImRlejAifQ.eyJjbGllbnRfaWQiOiIxZTkwNThlZS1jYjhiLTQ4M2UtOTA0Zi0yZWRiNzg1MjJkZjEiLCJpc3MiOiJodHRwczovL3Nzby5jb21tb24uY2xvdWQuaHBlLmNvbSIsImF1ZCI6ImV4dGVybmFsX2FwaSIsInN1YiI6ImVyaWMuc2NodWx0ZUBocGUuY29tIiwidXNlcl9jdHgiOiJiYjQ5YTI0ZTQzOTIxMWVjYmY2YmRhNmI0MzMwODg5ZCIsImF1dGhfc291cmNlIjoiY2NzX3Rva2VuX21hbmFnZW1lbnQiLCJwbGF0Zm9ybV9jdXN0b21lcl9pZCI6IjM0NjUyZmYwMzE3NzExZWM5YmMwOTY4NzI1ODBmZDZkIiwiaWF0IjoxNjgyMDA3NDEwLCJhcHBsaWNhdGlvbl9pbnN0YW5jZV9pZCI6IjVjZjE2ZWZmLWQ1YzUtNDJkNi1iNzkxLTFkNjk0ZTlhNDAwZiIsImV4cCI6MTY4MjAxNDYxMH0.E4Phn1Nz4aDRkiZaNqnMFZTg0UIdeXQKcN2YgsrAqPC-N0Oeo7ZPCm7ittW79BzjlVX-SO9LHfrrCxVkvGjC9PRQ5EQOD0baM1zXAQutuSfYzRkc5RmPytAQeiOzT-gFTVT5MXMBrUbk1J4Tl1etTyRWcl98_tdfO1WC0tWuGAxeFOJGXqy2eyJC8ke6IjlzA1Lt3JNfA6k2bEtHzsfft1NqwnKWbg-SafVoBAMGuNJLgZiPokP1O6obyyitEQi4S7sDf7OUuAps9bHgoWZlS0Tz-cozUxjM4s9z33Dk25EuL44u_qLwXF4fmbsXzrdDPni1A8j_ZeOMx4w_ZiP8Yg]
2023/04/20 12:29:20 Request Body = 
2023/04/20 12:29:20 at Get, C:\Users\schultee\OneDrive - Hewlett Packard Enterprise\GitRepositories\hpecom-powershell\resources\resource.ps1: line 50
2023/04/20 12:30:51 Method = GET
2023/04/20 12:30:51 URI = https://us-west2-api.compute.cloud.hpe.com/compute-ops/v1beta2/schedules?filter=purpose+eq+%27SERVER_RESTART%27
2023/04/20 12:30:51 Headers = [Authorization, Bearer eyJhbGciOiJSUzI1NiIsImtpZCI6IlRFak8tZEJPbThxUDlqRUlxdVE5aXVKX09HTSIsInBpLmF0bSI6ImRlejAifQ.eyJjbGllbnRfaWQiOiIxZTkwNThlZS1jYjhiLTQ4M2UtOTA0Zi0yZWRiNzg1MjJkZjEiLCJpc3MiOiJodHRwczovL3Nzby5jb21tb24uY2xvdWQuaHBlLmNvbSIsImF1ZCI6ImV4dGVybmFsX2FwaSIsInN1YiI6ImVyaWMuc2NodWx0ZUBocGUuY29tIiwidXNlcl9jdHgiOiJiYjQ5YTI0ZTQzOTIxMWVjYmY2YmRhNmI0MzMwODg5ZCIsImF1dGhfc291cmNlIjoiY2NzX3Rva2VuX21hbmFnZW1lbnQiLCJwbGF0Zm9ybV9jdXN0b21lcl9pZCI6IjM0NjUyZmYwMzE3NzExZWM5YmMwOTY4NzI1ODBmZDZkIiwiaWF0IjoxNjgyMDA3NDEwLCJhcHBsaWNhdGlvbl9pbnN0YW5jZV9pZCI6IjVjZjE2ZWZmLWQ1YzUtNDJkNi1iNzkxLTFkNjk0ZTlhNDAwZiIsImV4cCI6MTY4MjAxNDYxMH0.E4Phn1Nz4aDRkiZaNqnMFZTg0UIdeXQKcN2YgsrAqPC-N0Oeo7ZPCm7ittW79BzjlVX-SO9LHfrrCxVkvGjC9PRQ5EQOD0baM1zXAQutuSfYzRkc5RmPytAQeiOzT-gFTVT5MXMBrUbk1J4Tl1etTyRWcl98_tdfO1WC0tWuGAxeFOJGXqy2eyJC8ke6IjlzA1Lt3JNfA6k2bEtHzsfft1NqwnKWbg-SafVoBAMGuNJLgZiPokP1O6obyyitEQi4S7sDf7OUuAps9bHgoWZlS0Tz-cozUxjM4s9z33Dk25EuL44u_qLwXF4fmbsXzrdDPni1A8j_ZeOMx4w_ZiP8Yg]
2023/04/20 12:30:51 Request Body = 
2023/04/20 12:30:51 at GetByField, C:\Users\schultee\OneDrive - Hewlett Packard Enterprise\GitRepositories\hpecom-powershell\resources\resource.ps1: line 43
2023/04/20 12:42:09 Method = GET
2023/04/20 12:42:09 URI = https://us-west2-api.compute.cloud.hpe.com/compute-ops/v1beta2/activities?filter=key+eq+%27SERVER_JOB_AUTO_ILO_FW_UPDATE_FAILED%27
2023/04/20 12:42:09 Headers = [Authorization, Bearer eyJhbGciOiJSUzI1NiIsImtpZCI6IlRFak8tZEJPbThxUDlqRUlxdVE5aXVKX09HTSIsInBpLmF0bSI6ImRlejAifQ.eyJjbGllbnRfaWQiOiIxZTkwNThlZS1jYjhiLTQ4M2UtOTA0Zi0yZWRiNzg1MjJkZjEiLCJpc3MiOiJodHRwczovL3Nzby5jb21tb24uY2xvdWQuaHBlLmNvbSIsImF1ZCI6ImV4dGVybmFsX2FwaSIsInN1YiI6ImVyaWMuc2NodWx0ZUBocGUuY29tIiwidXNlcl9jdHgiOiJiYjQ5YTI0ZTQzOTIxMWVjYmY2YmRhNmI0MzMwODg5ZCIsImF1dGhfc291cmNlIjoiY2NzX3Rva2VuX21hbmFnZW1lbnQiLCJwbGF0Zm9ybV9jdXN0b21lcl9pZCI6IjM0NjUyZmYwMzE3NzExZWM5YmMwOTY4NzI1ODBmZDZkIiwiaWF0IjoxNjgyMDA3NDEwLCJhcHBsaWNhdGlvbl9pbnN0YW5jZV9pZCI6IjVjZjE2ZWZmLWQ1YzUtNDJkNi1iNzkxLTFkNjk0ZTlhNDAwZiIsImV4cCI6MTY4MjAxNDYxMH0.E4Phn1Nz4aDRkiZaNqnMFZTg0UIdeXQKcN2YgsrAqPC-N0Oeo7ZPCm7ittW79BzjlVX-SO9LHfrrCxVkvGjC9PRQ5EQOD0baM1zXAQutuSfYzRkc5RmPytAQeiOzT-gFTVT5MXMBrUbk1J4Tl1etTyRWcl98_tdfO1WC0tWuGAxeFOJGXqy2eyJC8ke6IjlzA1Lt3JNfA6k2bEtHzsfft1NqwnKWbg-SafVoBAMGuNJLgZiPokP1O6obyyitEQi4S7sDf7OUuAps9bHgoWZlS0Tz-cozUxjM4s9z33Dk25EuL44u_qLwXF4fmbsXzrdDPni1A8j_ZeOMx4w_ZiP8Yg]
2023/04/20 12:42:09 Request Body = 
2023/04/20 12:42:09 at GetByField, C:\Users\schultee\OneDrive - Hewlett Packard Enterprise\GitRepositories\hpecom-powershell\resources\resource.ps1: line 43
2023/04/20 12:44:09 Method = GET
2023/04/20 12:44:09 URI = https://us-west2-api.compute.cloud.hpe.com/compute-ops/v1beta2/activities
2023/04/20 12:44:09 Headers = [Authorization, Bearer eyJhbGciOiJSUzI1NiIsImtpZCI6IlRFak8tZEJPbThxUDlqRUlxdVE5aXVKX09HTSIsInBpLmF0bSI6ImRlejAifQ.eyJjbGllbnRfaWQiOiIxZTkwNThlZS1jYjhiLTQ4M2UtOTA0Zi0yZWRiNzg1MjJkZjEiLCJpc3MiOiJodHRwczovL3Nzby5jb21tb24uY2xvdWQuaHBlLmNvbSIsImF1ZCI6ImV4dGVybmFsX2FwaSIsInN1YiI6ImVyaWMuc2NodWx0ZUBocGUuY29tIiwidXNlcl9jdHgiOiJiYjQ5YTI0ZTQzOTIxMWVjYmY2YmRhNmI0MzMwODg5ZCIsImF1dGhfc291cmNlIjoiY2NzX3Rva2VuX21hbmFnZW1lbnQiLCJwbGF0Zm9ybV9jdXN0b21lcl9pZCI6IjM0NjUyZmYwMzE3NzExZWM5YmMwOTY4NzI1ODBmZDZkIiwiaWF0IjoxNjgyMDA3NDEwLCJhcHBsaWNhdGlvbl9pbnN0YW5jZV9pZCI6IjVjZjE2ZWZmLWQ1YzUtNDJkNi1iNzkxLTFkNjk0ZTlhNDAwZiIsImV4cCI6MTY4MjAxNDYxMH0.E4Phn1Nz4aDRkiZaNqnMFZTg0UIdeXQKcN2YgsrAqPC-N0Oeo7ZPCm7ittW79BzjlVX-SO9LHfrrCxVkvGjC9PRQ5EQOD0baM1zXAQutuSfYzRkc5RmPytAQeiOzT-gFTVT5MXMBrUbk1J4Tl1etTyRWcl98_tdfO1WC0tWuGAxeFOJGXqy2eyJC8ke6IjlzA1Lt3JNfA6k2bEtHzsfft1NqwnKWbg-SafVoBAMGuNJLgZiPokP1O6obyyitEQi4S7sDf7OUuAps9bHgoWZlS0Tz-cozUxjM4s9z33Dk25EuL44u_qLwXF4fmbsXzrdDPni1A8j_ZeOMx4w_ZiP8Yg]
2023/04/20 12:44:09 Request Body = 
2023/04/20 12:44:09 at Get, C:\Users\schultee\OneDrive - Hewlett Packard Enterprise\GitRepositories\hpecom-powershell\resources\resource.ps1: line 50
2023/04/20 12:44:18 Microsoft.PowerShell.Commands.HttpResponseException: Response status code does not indicate success: 413 (Payload Too Large).
   at System.Management.Automation.MshCommandRuntime.ThrowTerminatingError(ErrorRecord errorRecord)
2023/04/20 12:44:18 Activities: 
